SF:lib\handler\databasehandler.dart
DA:12,1
DA:16,0
DA:17,0
DA:19,0
DA:20,0
DA:22,0
DA:30,0
DA:31,0
DA:33,0
DA:34,0
DA:36,0
DA:47,1
DA:48,1
DA:51,3
DA:52,2
DA:53,2
DA:54,4
DA:55,3
DA:56,1
DA:63,1
DA:65,4
DA:66,0
DA:67,1
DA:68,1
DA:69,2
DA:70,4
DA:71,3
DA:74,1
DA:79,1
DA:80,2
DA:81,2
DA:88,1
DA:90,4
DA:96,1
DA:97,2
DA:98,2
DA:104,1
DA:105,3
DA:106,1
DA:114,1
DA:115,1
DA:117,2
DA:118,2
DA:119,0
DA:120,2
DA:121,1
DA:122,1
DA:123,1
DA:124,1
DA:125,3
DA:126,3
DA:127,3
DA:128,3
DA:130,1
DA:137,1
DA:138,3
DA:140,4
DA:146,1
DA:147,2
DA:148,3
DA:154,1
DA:155,3
DA:157,4
LF:63
LH:51
end_of_record
SF:lib\datamodels\item.dart
DA:2,5
LF:1
LH:1
end_of_record
SF:lib\datamodels\itemchild.dart
DA:2,3
LF:1
LH:1
end_of_record
SF:lib\bloc\list_cubit\list_state.dart
DA:5,5
DA:11,12
DA:12,2
DA:13,2
DA:17,5
DA:18,3
DA:20,1
DA:21,3
DA:25,4
DA:26,2
DA:29,1
DA:30,4
DA:34,3
DA:35,3
DA:37,1
DA:38,3
LF:16
LH:16
end_of_record
SF:lib\bloc\list_cubit\list_cubit.dart
DA:15,3
DA:16,5
DA:27,1
DA:28,2
DA:29,2
DA:30,2
DA:32,2
DA:33,4
DA:34,4
DA:38,1
DA:39,2
DA:40,4
DA:41,2
DA:42,4
DA:44,4
DA:47,3
DA:48,4
DA:49,4
DA:54,1
DA:55,2
DA:56,2
DA:57,4
DA:63,1
DA:64,1
DA:67,1
DA:68,6
DA:69,1
DA:70,1
DA:71,6
DA:72,1
DA:73,1
DA:75,3
DA:80,1
DA:82,2
DA:83,3
DA:84,1
DA:87,3
DA:89,2
DA:90,3
DA:92,3
DA:93,1
DA:94,2
DA:95,3
DA:96,3
DA:98,3
DA:100,3
DA:102,1
DA:110,1
DA:111,5
DA:114,2
DA:115,2
DA:116,1
DA:117,6
DA:118,1
DA:119,4
DA:123,1
DA:124,1
DA:125,4
DA:129,1
DA:131,2
DA:132,3
DA:133,1
DA:138,4
DA:139,1
DA:140,1
DA:142,2
DA:143,1
DA:145,6
DA:147,2
DA:148,4
DA:149,2
DA:150,1
DA:151,1
DA:154,1
DA:155,3
DA:159,1
DA:162,3
DA:163,2
DA:164,1
DA:174,1
DA:177,3
DA:178,3
DA:184,3
DA:190,3
DA:191,2
DA:193,3
DA:195,2
DA:196,1
DA:197,2
DA:198,2
DA:199,4
DA:207,2
DA:209,4
DA:210,1
DA:212,2
DA:213,6
DA:214,3
DA:215,3
DA:216,1
DA:219,1
DA:220,1
DA:227,1
LF:102
LH:102
end_of_record
SF:lib\handler\storagehandler.dart
DA:12,0
DA:13,0
DA:14,0
DA:16,0
DA:23,0
DA:25,0
DA:26,0
DA:27,0
DA:35,0
DA:36,0
DA:37,0
DA:38,0
DA:39,0
DA:41,0
DA:42,0
DA:44,0
DA:45,0
DA:51,1
DA:53,0
DA:54,0
DA:57,0
DA:58,0
DA:61,0
DA:63,1
DA:64,1
DA:65,3
DA:66,1
DA:69,1
DA:70,1
DA:71,3
DA:74,1
DA:75,1
DA:76,3
DA:79,1
DA:81,2
DA:84,3
DA:89,1
DA:93,2
DA:98,2
DA:99,3
DA:103,1
DA:104,1
DA:105,3
DA:107,1
DA:108,2
DA:109,5
DA:111,5
DA:112,2
DA:119,0
DA:121,0
DA:123,0
DA:124,0
DA:125,0
DA:129,0
DA:130,0
DA:132,0
DA:134,0
DA:136,0
DA:138,0
DA:139,0
DA:142,0
DA:144,0
LF:62
LH:26
end_of_record
SF:lib\detailscreen.dart
DA:17,1
DA:19,1
DA:20,1
DA:29,1
DA:33,2
DA:34,2
DA:36,1
DA:37,1
DA:40,1
DA:41,2
DA:42,2
DA:43,3
DA:44,2
DA:47,1
DA:48,7
DA:51,1
DA:52,7
DA:56,1
DA:58,1
DA:59,1
DA:60,3
DA:62,1
DA:63,1
DA:65,1
DA:69,2
DA:70,1
DA:71,2
DA:73,1
DA:74,1
DA:76,1
DA:78,1
DA:79,2
DA:91,1
DA:92,3
DA:93,2
DA:95,0
DA:96,0
DA:97,0
DA:99,0
DA:101,0
DA:102,0
DA:103,0
DA:104,0
DA:109,1
DA:113,1
DA:114,4
DA:116,5
DA:122,1
DA:125,4
DA:126,0
DA:128,4
DA:129,4
DA:133,1
DA:134,1
DA:136,1
DA:139,1
DA:140,0
DA:143,0
DA:148,0
DA:149,0
DA:150,0
DA:151,0
DA:152,0
DA:153,0
DA:154,0
DA:155,0
DA:156,0
DA:157,0
DA:158,0
DA:160,0
DA:161,0
DA:162,0
DA:170,0
DA:171,0
DA:173,0
DA:174,0
DA:175,0
DA:176,0
DA:179,1
DA:182,1
DA:185,1
DA:186,1
DA:188,1
DA:189,1
DA:190,1
DA:193,1
DA:204,1
DA:206,1
DA:207,1
DA:217,1
DA:218,3
DA:221,2
DA:224,2
DA:225,1
DA:226,1
DA:227,1
DA:228,1
DA:229,1
DA:230,1
DA:231,1
DA:233,1
DA:234,1
DA:235,1
DA:236,3
DA:239,3
DA:246,1
DA:248,1
DA:249,1
DA:251,1
DA:252,1
DA:255,1
DA:263,1
DA:265,1
DA:266,2
DA:268,0
DA:271,1
DA:272,2
DA:273,0
DA:277,0
DA:286,1
DA:287,1
DA:288,4
DA:289,2
DA:291,1
DA:292,4
DA:293,1
DA:294,2
DA:295,1
DA:297,2
DA:298,2
DA:300,1
DA:301,1
DA:309,2
DA:311,2
DA:312,3
DA:313,2
DA:322,1
DA:325,3
DA:326,2
DA:329,4
DA:332,1
DA:334,3
DA:335,3
DA:336,4
DA:338,1
DA:340,2
DA:341,5
DA:345,0
DA:352,1
DA:353,4
DA:362,2
DA:369,1
DA:370,3
DA:371,2
DA:372,3
DA:374,2
DA:375,1
DA:376,1
DA:377,1
DA:378,1
DA:379,1
DA:380,3
DA:381,1
DA:384,1
DA:385,2
DA:386,2
DA:389,1
DA:390,1
DA:391,4
DA:392,2
DA:394,1
DA:395,4
DA:396,1
DA:397,2
DA:398,2
DA:400,2
DA:410,3
DA:412,6
DA:413,2
DA:414,2
LF:180
LH:145
end_of_record
SF:lib\locator\locator.dart
DA:5,3
DA:7,0
DA:9,0
DA:10,0
DA:12,0
LF:5
LH:1
end_of_record
SF:lib\ui\widgets\emtylistplaceholder.dart
DA:4,7
DA:8,4
DA:10,4
DA:11,4
DA:13,4
DA:14,4
DA:15,4
DA:19,4
DA:20,12
LF:9
LH:9
end_of_record
SF:lib\generated\l10n.dart
DA:16,4
DA:20,4
DA:21,4
DA:28,4
DA:29,4
DA:30,0
DA:31,4
DA:32,4
DA:33,12
DA:34,4
DA:35,4
DA:42,3
DA:43,3
DA:44,3
DA:49,3
DA:50,3
DA:54,0
DA:55,0
DA:59,0
DA:64,2
DA:65,2
DA:69,2
DA:74,1
DA:75,1
DA:79,1
DA:84,1
DA:85,1
DA:89,1
DA:94,0
DA:95,0
DA:99,0
DA:104,0
DA:105,0
DA:109,0
DA:114,1
DA:115,1
DA:119,1
DA:124,1
DA:125,1
DA:129,1
DA:134,2
DA:135,2
DA:139,2
DA:144,2
DA:145,2
DA:149,2
DA:154,0
DA:155,0
DA:159,0
DA:164,2
DA:165,2
DA:169,2
DA:174,1
DA:175,1
DA:179,1
DA:184,0
DA:185,0
DA:189,0
DA:194,1
DA:195,1
DA:198,1
DA:201,1
DA:206,1
DA:207,1
DA:211,1
DA:216,1
DA:217,1
DA:221,1
DA:226,1
DA:227,1
DA:231,1
DA:236,1
DA:237,1
DA:241,1
DA:246,2
DA:247,2
DA:251,2
DA:256,1
DA:257,1
DA:261,1
DA:266,0
DA:267,0
DA:271,0
DA:276,1
DA:277,1
DA:281,1
DA:286,0
DA:287,0
DA:291,0
DA:296,1
DA:297,1
DA:301,1
DA:306,1
DA:307,1
DA:311,1
DA:316,0
DA:317,0
DA:321,0
DA:326,1
DA:327,1
DA:331,1
DA:336,1
DA:337,1
DA:341,1
DA:346,1
DA:347,1
DA:351,1
DA:356,1
DA:357,1
DA:361,1
DA:366,1
DA:367,1
DA:371,1
DA:376,1
DA:377,1
DA:381,1
DA:386,0
DA:387,0
DA:391,0
DA:396,1
DA:397,1
DA:401,1
DA:407,5
DA:409,4
DA:416,4
DA:417,4
DA:418,4
DA:419,4
DA:420,0
DA:423,4
DA:424,8
DA:425,12
LF:132
LH:103
end_of_record
SF:lib\generated\intl\messages_all.dart
DA:22,12
DA:23,0
DA:24,8
DA:27,4
DA:29,4
DA:30,0
DA:31,4
DA:32,4
DA:39,4
DA:40,4
DA:41,12
DA:42,0
DA:44,0
DA:46,8
DA:47,8
DA:48,12
DA:49,8
DA:50,4
DA:53,4
DA:55,4
DA:61,4
DA:63,4
DA:65,4
LF:23
LH:19
end_of_record
SF:lib\generated\intl\messages_de.dart
DA:16,0
DA:21,0
DA:23,0
DA:24,0
DA:27,0
DA:28,0
DA:29,0
DA:30,0
DA:31,0
DA:33,0
DA:35,0
DA:36,0
DA:37,0
DA:38,0
DA:40,0
DA:42,0
DA:43,0
DA:44,0
DA:46,0
DA:48,0
DA:50,0
DA:51,0
DA:52,0
DA:55,0
DA:56,0
DA:57,0
DA:58,0
DA:59,0
DA:60,0
DA:61,0
DA:62,0
DA:65,0
DA:66,0
DA:68,0
DA:70,0
DA:71,0
DA:73,0
DA:74,0
DA:76,0
LF:39
LH:0
end_of_record
SF:lib\generated\intl\messages_en.dart
DA:16,12
DA:21,0
DA:23,1
DA:24,3
DA:27,8
DA:28,4
DA:29,4
DA:30,4
DA:31,4
DA:33,4
DA:35,4
DA:36,4
DA:37,4
DA:38,4
DA:40,4
DA:42,4
DA:43,4
DA:45,4
DA:46,4
DA:48,4
DA:50,4
DA:51,4
DA:52,4
DA:55,4
DA:56,4
DA:57,4
DA:58,4
DA:59,4
DA:60,4
DA:61,4
DA:63,4
DA:65,4
DA:67,4
DA:69,4
DA:70,4
DA:71,4
DA:73,4
DA:74,4
DA:77,4
LF:39
LH:38
end_of_record
SF:lib\ui\homescreen.dart
DA:11,2
DA:15,1
DA:16,1
DA:26,1
DA:28,3
DA:29,0
DA:30,2
DA:31,1
DA:34,1
DA:36,1
DA:37,2
DA:38,1
DA:39,1
DA:40,1
DA:41,1
DA:42,3
DA:43,2
DA:45,3
DA:46,2
DA:52,1
DA:53,1
DA:55,1
DA:56,1
DA:57,1
DA:60,1
DA:61,2
DA:75,1
DA:76,1
DA:77,4
DA:78,1
DA:79,1
DA:80,1
DA:81,1
DA:84,1
DA:85,1
DA:86,1
DA:87,1
DA:89,1
DA:96,1
DA:97,1
DA:100,1
DA:101,1
DA:102,1
DA:103,2
DA:110,1
DA:115,1
DA:116,1
DA:117,1
DA:120,2
DA:121,1
DA:122,1
DA:123,1
DA:125,3
DA:126,1
DA:127,1
DA:128,1
DA:130,1
DA:132,3
DA:134,2
DA:142,1
DA:143,1
DA:144,1
DA:145,2
DA:146,4
DA:148,1
DA:149,1
DA:150,1
DA:151,3
DA:152,2
DA:153,1
DA:154,3
DA:165,1
DA:166,1
DA:167,4
DA:169,2
DA:170,1
DA:171,3
DA:176,2
DA:177,1
DA:178,3
DA:191,1
DA:192,1
DA:194,2
DA:196,1
DA:197,1
DA:198,1
DA:199,1
DA:200,3
DA:201,1
DA:204,1
DA:205,2
DA:206,2
DA:209,1
DA:210,1
DA:211,2
DA:212,4
DA:213,1
DA:214,1
DA:215,2
DA:216,2
DA:218,2
DA:221,4
DA:230,2
DA:231,3
DA:233,1
DA:234,4
DA:239,1
DA:240,1
DA:241,1
DA:242,1
DA:243,4
DA:244,1
DA:246,2
DA:247,1
DA:248,3
DA:255,1
DA:256,4
DA:257,1
DA:258,1
DA:261,2
DA:262,1
DA:263,3
DA:266,1
DA:267,1
DA:268,2
DA:271,1
DA:272,3
DA:279,1
DA:280,1
DA:281,1
DA:282,1
DA:284,4
DA:289,2
LF:133
LH:132
end_of_record
SF:lib\ui\widgets\itemlist.dart
DA:10,6
DA:12,2
DA:13,2
DA:18,2
DA:20,2
DA:23,0
DA:24,2
DA:25,2
DA:26,2
DA:27,2
DA:29,4
DA:30,6
DA:31,2
DA:32,4
DA:35,2
DA:36,2
DA:37,2
DA:38,2
DA:39,6
DA:40,1
DA:48,4
DA:58,2
DA:59,2
DA:60,2
DA:61,4
DA:63,2
DA:64,2
DA:67,2
DA:68,4
DA:69,1
DA:70,3
DA:71,2
DA:73,2
DA:74,1
DA:77,1
DA:78,2
LF:36
LH:35
end_of_record
SF:lib\ui\aboutscreen.dart
DA:7,1
DA:9,1
DA:10,1
DA:20,1
DA:21,3
DA:22,3
DA:23,3
DA:24,2
DA:27,1
DA:29,1
DA:30,1
DA:33,1
DA:35,1
DA:36,1
DA:37,3
DA:40,1
DA:41,1
DA:42,1
DA:43,1
DA:45,1
DA:46,1
DA:57,1
DA:58,1
DA:59,1
DA:60,1
DA:68,1
DA:69,1
DA:71,1
DA:73,1
DA:74,5
DA:76,5
DA:82,1
DA:83,1
DA:86,1
DA:87,2
DA:99,1
DA:100,1
DA:103,1
DA:104,2
DA:113,1
DA:114,1
DA:116,1
DA:117,1
DA:119,1
DA:124,1
DA:125,1
DA:126,1
DA:127,2
DA:133,1
DA:136,1
DA:137,2
DA:141,1
DA:142,1
DA:143,1
DA:144,2
DA:150,1
DA:153,3
LF:57
LH:57
end_of_record
