SF:lib\handler\databasehandler.dart
DA:13,1
DA:17,0
DA:18,0
DA:20,0
DA:21,0
DA:23,0
DA:33,1
DA:34,1
DA:36,3
DA:37,2
DA:38,2
DA:39,4
DA:40,3
DA:41,1
DA:49,1
DA:50,3
DA:51,1
DA:57,1
DA:58,3
DA:59,1
DA:65,1
DA:66,3
DA:67,1
DA:72,1
DA:73,3
DA:74,1
DA:81,1
DA:82,1
DA:84,4
DA:85,2
DA:86,3
DA:87,4
DA:88,3
DA:89,3
DA:90,3
DA:92,1
DA:99,1
DA:100,3
DA:101,4
DA:106,1
DA:107,5
DA:112,1
DA:113,3
DA:114,4
LF:44
LH:39
end_of_record
SF:lib\datamodels\item.dart
DA:2,1
LF:1
LH:1
end_of_record
SF:lib\datamodels\itemchild.dart
DA:2,1
LF:1
LH:1
end_of_record
